<?xml version="1.0" encoding="UTF-8"?>
<!-- Generated by org.testng.reporters.JUnitXMLReporter -->
<testsuite hostname="DESKTOP-CMANQCD" ignored="2" name="Test" tests="4" failures="0" timestamp="2020-05-31T01:44:02 PDT" time="4.804" errors="0">
  <testcase name="ValidateCreateCustomerAPIWithValidSecretKey" time="3.664" classname="com.sample.Learning_RestAssured.TestSetup.ValidateCreateCustomerAPI"/>
  <testcase name="ValidateCreateCustomerAPIWithValidSecretKey" time="0.979" classname="com.sample.Learning_RestAssured.TestSetup.ValidateCreateCustomerAPI"/>
  <testcase name="login" time="0.002" classname="com.sample.Learning_RestAssured.TestSetup.SampleTestCase"/>
  <testcase name="validatesignup" time="0.003" classname="com.sample.Learning_RestAssured.TestSetup.SampleTestCase"/>
  <testcase name="@AfterSuite teardownframework" time="0.0" classname="com.sample.Learning_Rest_Assured.TestSetup.TestSetup">
    <ignored/>
  </testcase> <!-- @AfterSuite teardownframework -->
  <testcase name="@BeforeSuite setUpFramework" time="0.0" classname="com.sample.Learning_Rest_Assured.TestSetup.TestSetup">
    <ignored/>
  </testcase> <!-- @BeforeSuite setUpFramework -->
</testsuite> <!-- Test -->
