<?xml version="1.0" encoding="UTF-8"?>
<!-- Generated by org.testng.reporters.JUnitXMLReporter -->
<testsuite hostname="DESKTOP-CMANQCD" ignored="0" name="Default test" tests="2" failures="0" timestamp="2020-05-31T01:41:37 PDT" time="4.417" errors="0">
  <testcase name="ValidateCreateCustomerAPIWithValidSecretKey" time="3.432" classname="com.sample.Learning_RestAssured.TestSetup.ValidateCreateCustomerAPI"/>
  <testcase name="ValidateCreateCustomerAPIWithValidSecretKey" time="0.898" classname="com.sample.Learning_RestAssured.TestSetup.ValidateCreateCustomerAPI"/>
</testsuite> <!-- Default test -->
