<?xml version="1.0" encoding="UTF-8"?>
<testng-results skipped="0" failed="0" ignored="2" total="6" passed="4">
  <reporter-output>
  </reporter-output>
  <suite name="Suite" duration-ms="4804" started-at="2020-05-31T01:43:57 PDT" finished-at="2020-05-31T01:44:02 PDT">
    <groups>
      <group name="Sanity">
        <method signature="SampleTestCase.login()[pri:0, instance:com.sample.Learning_RestAssured.TestSetup.SampleTestCase@7cc0cdad]" name="login" class="com.sample.Learning_RestAssured.TestSetup.SampleTestCase"/>
        <method signature="SampleTestCase.validatesignup()[pri:0, instance:com.sample.Learning_RestAssured.TestSetup.SampleTestCase@7cc0cdad]" name="validatesignup" class="com.sample.Learning_RestAssured.TestSetup.SampleTestCase"/>
      </group> <!-- Sanity -->
      <group name="Regression">
        <method signature="SampleTestCase.login()[pri:0, instance:com.sample.Learning_RestAssured.TestSetup.SampleTestCase@7cc0cdad]" name="login" class="com.sample.Learning_RestAssured.TestSetup.SampleTestCase"/>
      </group> <!-- Regression -->
    </groups>
    <test name="Test" duration-ms="4804" started-at="2020-05-31T01:43:57 PDT" finished-at="2020-05-31T01:44:02 PDT">
      <class name="com.sample.Learning_RestAssured.TestSetup.SampleTestCase">
        <test-method status="PASS" signature="BeforeClass()[pri:0, instance:com.sample.Learning_RestAssured.TestSetup.SampleTestCase@7cc0cdad]" name="BeforeClass" is-config="true" duration-ms="1" started-at="2020-05-31T01:44:02 PDT" finished-at="2020-05-31T01:44:02 PDT">
          <reporter-output>
          </reporter-output>
        </test-method> <!-- BeforeClass -->
        <test-method status="PASS" signature="beforemethod(java.lang.reflect.Method)[pri:0, instance:com.sample.Learning_RestAssured.TestSetup.SampleTestCase@7cc0cdad]" name="beforemethod" is-config="true" duration-ms="1" started-at="2020-05-31T01:44:02 PDT" finished-at="2020-05-31T01:44:02 PDT">
          <params>
            <param index="0">
              <value>
                <![CDATA[public void com.sample.Learning_RestAssured.TestSetup.SampleTestCase.login()]]>
              </value>
            </param>
          </params>
          <reporter-output>
          </reporter-output>
        </test-method> <!-- beforemethod -->
        <test-method status="PASS" signature="login()[pri:0, instance:com.sample.Learning_RestAssured.TestSetup.SampleTestCase@7cc0cdad]" name="login" duration-ms="2" started-at="2020-05-31T01:44:02 PDT" finished-at="2020-05-31T01:44:02 PDT">
          <reporter-output>
          </reporter-output>
        </test-method> <!-- login -->
        <test-method status="PASS" signature="aftermethod(org.testng.ITestResult)[pri:0, instance:com.sample.Learning_RestAssured.TestSetup.SampleTestCase@7cc0cdad]" name="aftermethod" is-config="true" duration-ms="2" started-at="2020-05-31T01:44:02 PDT" finished-at="2020-05-31T01:44:02 PDT">
          <params>
            <param index="0">
              <value>
                <![CDATA[[TestResult name=login status=SUCCESS method=SampleTestCase.login()[pri:0, instance:com.sample.Learning_RestAssured.TestSetup.SampleTestCase@7cc0cdad] output={null}]]]>
              </value>
            </param>
          </params>
          <reporter-output>
          </reporter-output>
        </test-method> <!-- aftermethod -->
        <test-method status="PASS" signature="beforemethod(java.lang.reflect.Method)[pri:0, instance:com.sample.Learning_RestAssured.TestSetup.SampleTestCase@7cc0cdad]" name="beforemethod" is-config="true" duration-ms="1" started-at="2020-05-31T01:44:02 PDT" finished-at="2020-05-31T01:44:02 PDT">
          <params>
            <param index="0">
              <value>
                <![CDATA[public void com.sample.Learning_RestAssured.TestSetup.SampleTestCase.validatesignup()]]>
              </value>
            </param>
          </params>
          <reporter-output>
          </reporter-output>
        </test-method> <!-- beforemethod -->
        <test-method status="PASS" signature="validatesignup()[pri:0, instance:com.sample.Learning_RestAssured.TestSetup.SampleTestCase@7cc0cdad]" name="validatesignup" duration-ms="3" started-at="2020-05-31T01:44:02 PDT" finished-at="2020-05-31T01:44:02 PDT">
          <reporter-output>
          </reporter-output>
        </test-method> <!-- validatesignup -->
        <test-method status="PASS" signature="aftermethod(org.testng.ITestResult)[pri:0, instance:com.sample.Learning_RestAssured.TestSetup.SampleTestCase@7cc0cdad]" name="aftermethod" is-config="true" duration-ms="2" started-at="2020-05-31T01:44:02 PDT" finished-at="2020-05-31T01:44:02 PDT">
          <params>
            <param index="0">
              <value>
                <![CDATA[[TestResult name=validatesignup status=SUCCESS method=SampleTestCase.validatesignup()[pri:0, instance:com.sample.Learning_RestAssured.TestSetup.SampleTestCase@7cc0cdad] output={null}]]]>
              </value>
            </param>
          </params>
          <reporter-output>
          </reporter-output>
        </test-method> <!-- aftermethod -->
      </class> <!-- com.sample.Learning_RestAssured.TestSetup.SampleTestCase -->
      <class name="com.sample.Learning_RestAssured.TestSetup.ValidateCreateCustomerAPI">
        <test-method status="PASS" signature="setUpFramework()[pri:0, instance:com.sample.Learning_RestAssured.TestSetup.ValidateCreateCustomerAPI@128d2484]" name="setUpFramework" is-config="true" duration-ms="672" started-at="2020-05-31T01:43:56 PDT" finished-at="2020-05-31T01:43:57 PDT">
          <reporter-output>
          </reporter-output>
        </test-method> <!-- setUpFramework -->
        <test-method status="PASS" signature="BeforeClass()[pri:0, instance:com.sample.Learning_RestAssured.TestSetup.ValidateCreateCustomerAPI@128d2484]" name="BeforeClass" is-config="true" duration-ms="5" started-at="2020-05-31T01:43:57 PDT" finished-at="2020-05-31T01:43:57 PDT">
          <reporter-output>
          </reporter-output>
        </test-method> <!-- BeforeClass -->
        <test-method status="PASS" signature="beforemethod(java.lang.reflect.Method)[pri:0, instance:com.sample.Learning_RestAssured.TestSetup.ValidateCreateCustomerAPI@128d2484]" name="beforemethod" is-config="true" duration-ms="9" started-at="2020-05-31T01:43:57 PDT" finished-at="2020-05-31T01:43:57 PDT">
          <params>
            <param index="0">
              <value>
                <![CDATA[public void com.sample.Learning_RestAssured.TestSetup.ValidateCreateCustomerAPI.ValidateCreateCustomerAPIWithValidSecretKey(java.util.Hashtable)]]>
              </value>
            </param>
          </params>
          <reporter-output>
          </reporter-output>
        </test-method> <!-- beforemethod -->
        <test-method status="PASS" signature="ValidateCreateCustomerAPIWithValidSecretKey(java.util.Hashtable)[pri:0, instance:com.sample.Learning_RestAssured.TestSetup.ValidateCreateCustomerAPI@128d2484]" name="ValidateCreateCustomerAPIWithValidSecretKey" duration-ms="3664" started-at="2020-05-31T01:43:57 PDT" data-provider="data" finished-at="2020-05-31T01:44:01 PDT">
          <params>
            <param index="0">
              <value>
                <![CDATA[{ExpectedStatus=200.0, name=aser, email=aserr@gmail.com, description=1st customer}]]>
              </value>
            </param>
          </params>
          <reporter-output>
          </reporter-output>
        </test-method> <!-- ValidateCreateCustomerAPIWithValidSecretKey -->
        <test-method status="PASS" signature="aftermethod(org.testng.ITestResult)[pri:0, instance:com.sample.Learning_RestAssured.TestSetup.ValidateCreateCustomerAPI@128d2484]" name="aftermethod" is-config="true" duration-ms="16" started-at="2020-05-31T01:44:01 PDT" finished-at="2020-05-31T01:44:01 PDT">
          <params>
            <param index="0">
              <value>
                <![CDATA[[TestResult name=ValidateCreateCustomerAPIWithValidSecretKey status=SUCCESS method=ValidateCreateCustomerAPI.ValidateCreateCustomerAPIWithValidSecretKey(java.util.Hashtable)[pri:0, instance:com.sample.Learning_RestAssured.TestSetup.ValidateCreateCustomerAPI@128d2484] output={null}]]]>
              </value>
            </param>
          </params>
          <reporter-output>
          </reporter-output>
        </test-method> <!-- aftermethod -->
        <test-method status="PASS" signature="ValidateCreateCustomerAPIWithValidSecretKey(java.util.Hashtable)[pri:0, instance:com.sample.Learning_RestAssured.TestSetup.ValidateCreateCustomerAPI@128d2484]" name="ValidateCreateCustomerAPIWithValidSecretKey" duration-ms="979" started-at="2020-05-31T01:44:01 PDT" data-provider="data" finished-at="2020-05-31T01:44:02 PDT">
          <params>
            <param index="0">
              <value>
                <![CDATA[{ExpectedStatus=200.0, name=werd, email=werd@gmail.com, description=2ndcustomer}]]>
              </value>
            </param>
          </params>
          <reporter-output>
          </reporter-output>
        </test-method> <!-- ValidateCreateCustomerAPIWithValidSecretKey -->
        <test-method status="PASS" signature="beforemethod(java.lang.reflect.Method)[pri:0, instance:com.sample.Learning_RestAssured.TestSetup.ValidateCreateCustomerAPI@128d2484]" name="beforemethod" is-config="true" duration-ms="0" started-at="2020-05-31T01:44:01 PDT" finished-at="2020-05-31T01:44:01 PDT">
          <params>
            <param index="0">
              <value>
                <![CDATA[public void com.sample.Learning_RestAssured.TestSetup.ValidateCreateCustomerAPI.ValidateCreateCustomerAPIWithValidSecretKey(java.util.Hashtable)]]>
              </value>
            </param>
          </params>
          <reporter-output>
          </reporter-output>
        </test-method> <!-- beforemethod -->
        <test-method status="PASS" signature="aftermethod(org.testng.ITestResult)[pri:0, instance:com.sample.Learning_RestAssured.TestSetup.ValidateCreateCustomerAPI@128d2484]" name="aftermethod" is-config="true" duration-ms="1" started-at="2020-05-31T01:44:02 PDT" finished-at="2020-05-31T01:44:02 PDT">
          <params>
            <param index="0">
              <value>
                <![CDATA[[TestResult name=ValidateCreateCustomerAPIWithValidSecretKey status=SUCCESS method=ValidateCreateCustomerAPI.ValidateCreateCustomerAPIWithValidSecretKey(java.util.Hashtable)[pri:0, instance:com.sample.Learning_RestAssured.TestSetup.ValidateCreateCustomerAPI@128d2484] output={null}]]]>
              </value>
            </param>
          </params>
          <reporter-output>
          </reporter-output>
        </test-method> <!-- aftermethod -->
        <test-method status="PASS" signature="teardownframework()[pri:0, instance:com.sample.Learning_RestAssured.TestSetup.ValidateCreateCustomerAPI@128d2484]" name="teardownframework" is-config="true" duration-ms="326" started-at="2020-05-31T01:44:02 PDT" finished-at="2020-05-31T01:44:02 PDT">
          <reporter-output>
          </reporter-output>
        </test-method> <!-- teardownframework -->
      </class> <!-- com.sample.Learning_RestAssured.TestSetup.ValidateCreateCustomerAPI -->
    </test> <!-- Test -->
  </suite> <!-- Suite -->
</testng-results>
